<?xml version="1.0" encoding="UTF-8"?>
<robot generator="Robot 7.1.1 (Python 3.13.1 on darwin)" generated="2025-01-14T00:17:11.477169" rpa="false" schemaversion="5">
<suite id="s1" name="Todolist2" source="/Users/kanthimamuangsen/Documents/RobotTest/todolist2.robot">
<test id="s1-t1" name="Add a New Task" line="15">
<kw name="Open To-Do List" owner="keywords">
<kw name="Open Browser" owner="SeleniumLibrary">
<msg time="2025-01-14T00:17:11.573645" level="INFO">Opening browser 'chrome' to base url 'https://abhigyank.github.io/To-Do-List/'.</msg>
<arg>${URL}</arg>
<arg>${BROWSER}</arg>
<doc>Opens a new browser instance to the optional ``url``.</doc>
<status status="PASS" start="2025-01-14T00:17:11.573531" elapsed="2.347635"/>
</kw>
<kw name="Maximize Browser Window" owner="SeleniumLibrary">
<doc>Maximizes current browser window.</doc>
<status status="PASS" start="2025-01-14T00:17:13.921743" elapsed="0.025997"/>
</kw>
<status status="PASS" start="2025-01-14T00:17:11.573182" elapsed="2.374723"/>
</kw>
<kw name="Add Task" owner="keywords">
<kw name="Input Text" owner="SeleniumLibrary">
<msg time="2025-01-14T00:17:13.950014" level="INFO">Typing text 'Study Robot Framework' into text field 'xpath=//*[@id="new-task"]'.</msg>
<arg>${TASK_INPUT}</arg>
<arg>${task_name}</arg>
<doc>Types the given ``text`` into the text field identified by ``locator``.</doc>
<status status="PASS" start="2025-01-14T00:17:13.948682" elapsed="0.130938"/>
</kw>
<kw name="Click Button" owner="SeleniumLibrary">
<msg time="2025-01-14T00:17:14.079885" level="INFO">Clicking button 'xpath=//*[@id="add-item"]/button'.</msg>
<arg>${ADD_BTN}</arg>
<doc>Clicks the button identified by ``locator``.</doc>
<status status="PASS" start="2025-01-14T00:17:14.079742" elapsed="0.040734"/>
</kw>
<arg>Study Robot Framework</arg>
<status status="PASS" start="2025-01-14T00:17:13.948330" elapsed="0.172222"/>
</kw>
<kw name="Add Task" owner="keywords">
<kw name="Input Text" owner="SeleniumLibrary">
<msg time="2025-01-14T00:17:14.120950" level="INFO">Typing text 'Study Python' into text field 'xpath=//*[@id="new-task"]'.</msg>
<arg>${TASK_INPUT}</arg>
<arg>${task_name}</arg>
<doc>Types the given ``text`` into the text field identified by ``locator``.</doc>
<status status="PASS" start="2025-01-14T00:17:14.120838" elapsed="0.030045"/>
</kw>
<kw name="Click Button" owner="SeleniumLibrary">
<msg time="2025-01-14T00:17:14.151112" level="INFO">Clicking button 'xpath=//*[@id="add-item"]/button'.</msg>
<arg>${ADD_BTN}</arg>
<doc>Clicks the button identified by ``locator``.</doc>
<status status="PASS" start="2025-01-14T00:17:14.150993" elapsed="0.027359"/>
</kw>
<arg>Study Python</arg>
<status status="PASS" start="2025-01-14T00:17:14.120681" elapsed="0.057740"/>
</kw>
<kw name="Add Task" owner="keywords">
<kw name="Input Text" owner="SeleniumLibrary">
<msg time="2025-01-14T00:17:14.178799" level="INFO">Typing text 'Study Selenium' into text field 'xpath=//*[@id="new-task"]'.</msg>
<arg>${TASK_INPUT}</arg>
<arg>${task_name}</arg>
<doc>Types the given ``text`` into the text field identified by ``locator``.</doc>
<status status="PASS" start="2025-01-14T00:17:14.178695" elapsed="0.029810"/>
</kw>
<kw name="Click Button" owner="SeleniumLibrary">
<msg time="2025-01-14T00:17:14.208740" level="INFO">Clicking button 'xpath=//*[@id="add-item"]/button'.</msg>
<arg>${ADD_BTN}</arg>
<doc>Clicks the button identified by ``locator``.</doc>
<status status="PASS" start="2025-01-14T00:17:14.208616" elapsed="0.028465"/>
</kw>
<arg>Study Selenium</arg>
<status status="PASS" start="2025-01-14T00:17:14.178545" elapsed="0.058603"/>
</kw>
<kw name="Element Should Be Visible" owner="SeleniumLibrary">
<msg time="2025-01-14T00:17:14.247343" level="INFO">Element 'xpath=//a[2]/span' is displayed.</msg>
<arg>${TASK_LIST}</arg>
<doc>Verifies that the element identified by ``locator`` is visible.</doc>
<status status="PASS" start="2025-01-14T00:17:14.237265" elapsed="0.010134"/>
</kw>
<kw name="Close Browser" owner="SeleniumLibrary">
<doc>Closes the current browser.</doc>
<status status="PASS" start="2025-01-14T00:17:14.247522" elapsed="0.077027"/>
</kw>
<doc>Test adding a new task to the To-Do List</doc>
<status status="PASS" start="2025-01-14T00:17:11.572887" elapsed="2.751817"/>
</test>
<doc>Test Automation for To-Do List Application</doc>
<status status="PASS" start="2025-01-14T00:17:11.478085" elapsed="2.846869"/>
</suite>
<statistics>
<total>
<stat pass="1" fail="0" skip="0">All Tests</stat>
</total>
<tag>
</tag>
<suite>
<stat pass="1" fail="0" skip="0" id="s1" name="Todolist2">Todolist2</stat>
</suite>
</statistics>
<errors>
<msg time="2025-01-14T00:17:11.572572" level="ERROR">Error in file '/Users/kanthimamuangsen/Documents/RobotTest/resources/locators.robot' on line 6: Setting variable '${TASK_CHECKBOX}' failed: Variable '${INDEX}' not found.</msg>
</errors>
</robot>
